
2025/02/05 (10:27:03) | ===> btop++ v.1.4.0
2025/02/05 (10:27:03) | WARNING: NVML: Failed to get maximum GPU power draw, defaulting to 225W: Not Supported
2025/02/05 (10:27:03) | WARNING: ROCm SMI: Failed to get maximum GPU power draw, defaulting to 225W
2025/02/05 (10:27:03) | WARNING: ROCm SMI: Failed to get maximum GPU temperature, defaulting to 110°C
2025/02/05 (10:27:03) | WARNING: ROCm SMI: Failed to get VRAM utilization
2025/02/05 (10:27:03) | WARNING: ROCm SMI: Failed to get GPU power usage
2025/02/05 (10:27:03) | WARNING: ROCm SMI: Failed to get PCIe throughput

2025/02/05 (10:30:47) | ===> btop++ v.1.4.0
2025/02/05 (10:30:47) | WARNING: NVML: Failed to get maximum GPU power draw, defaulting to 225W: Not Supported
2025/02/05 (10:30:47) | WARNING: ROCm SMI: Failed to get maximum GPU power draw, defaulting to 225W
2025/02/05 (10:30:47) | WARNING: ROCm SMI: Failed to get maximum GPU temperature, defaulting to 110°C
2025/02/05 (10:30:47) | WARNING: ROCm SMI: Failed to get VRAM utilization
2025/02/05 (10:30:47) | WARNING: ROCm SMI: Failed to get GPU power usage
2025/02/05 (10:30:47) | WARNING: ROCm SMI: Failed to get PCIe throughput

2025/02/07 (09:18:14) | ===> btop++ v.1.4.0
2025/02/07 (09:18:14) | WARNING: NVML: Failed to get maximum GPU power draw, defaulting to 225W: Not Supported
2025/02/07 (09:18:14) | WARNING: ROCm SMI: Failed to get maximum GPU power draw, defaulting to 225W
2025/02/07 (09:18:14) | WARNING: ROCm SMI: Failed to get maximum GPU temperature, defaulting to 110°C
2025/02/07 (09:18:14) | WARNING: ROCm SMI: Failed to get VRAM utilization
2025/02/07 (09:18:14) | WARNING: ROCm SMI: Failed to get GPU power usage
2025/02/07 (09:18:14) | WARNING: ROCm SMI: Failed to get PCIe throughput

2025/02/07 (09:21:48) | ===> btop++ v.1.4.0
2025/02/07 (09:21:48) | WARNING: NVML: Failed to get maximum GPU power draw, defaulting to 225W: Not Supported
2025/02/07 (09:21:48) | WARNING: ROCm SMI: Failed to get maximum GPU power draw, defaulting to 225W
2025/02/07 (09:21:48) | WARNING: ROCm SMI: Failed to get maximum GPU temperature, defaulting to 110°C
2025/02/07 (09:21:48) | WARNING: ROCm SMI: Failed to get VRAM utilization
2025/02/07 (09:21:48) | WARNING: ROCm SMI: Failed to get GPU power usage
2025/02/07 (09:21:48) | WARNING: ROCm SMI: Failed to get PCIe throughput

2025/02/07 (09:31:52) | ===> btop++ v.1.4.0
2025/02/07 (09:31:52) | WARNING: NVML: Failed to get maximum GPU power draw, defaulting to 225W: Not Supported
2025/02/07 (09:31:52) | WARNING: ROCm SMI: Failed to get maximum GPU power draw, defaulting to 225W
2025/02/07 (09:31:52) | WARNING: ROCm SMI: Failed to get maximum GPU temperature, defaulting to 110°C
2025/02/07 (09:31:52) | WARNING: ROCm SMI: Failed to get VRAM utilization
2025/02/07 (09:31:52) | WARNING: ROCm SMI: Failed to get GPU power usage
2025/02/07 (09:31:52) | WARNING: ROCm SMI: Failed to get PCIe throughput

2025/02/07 (10:03:19) | ===> btop++ v.1.4.0
2025/02/07 (10:03:19) | WARNING: NVML: Failed to get maximum GPU power draw, defaulting to 225W: Not Supported
2025/02/07 (10:03:19) | WARNING: ROCm SMI: Failed to get maximum GPU power draw, defaulting to 225W
2025/02/07 (10:03:19) | WARNING: ROCm SMI: Failed to get maximum GPU temperature, defaulting to 110°C
2025/02/07 (10:03:19) | WARNING: ROCm SMI: Failed to get VRAM utilization
2025/02/07 (10:03:19) | WARNING: ROCm SMI: Failed to get GPU power usage
2025/02/07 (10:03:19) | WARNING: ROCm SMI: Failed to get PCIe throughput

2025/02/07 (16:39:59) | ===> btop++ v.1.4.0
2025/02/07 (16:39:59) | WARNING: NVML: Failed to get maximum GPU power draw, defaulting to 225W: Not Supported
2025/02/07 (16:39:59) | WARNING: ROCm SMI: Failed to get maximum GPU power draw, defaulting to 225W
2025/02/07 (16:39:59) | WARNING: ROCm SMI: Failed to get maximum GPU temperature, defaulting to 110°C
2025/02/07 (16:39:59) | WARNING: ROCm SMI: Failed to get VRAM utilization
2025/02/07 (16:39:59) | WARNING: ROCm SMI: Failed to get GPU power usage
2025/02/07 (16:39:59) | WARNING: ROCm SMI: Failed to get PCIe throughput

2025/02/07 (16:44:50) | ===> btop++ v.1.4.0
2025/02/07 (16:44:50) | WARNING: NVML: Failed to get maximum GPU power draw, defaulting to 225W: Not Supported
2025/02/07 (16:44:51) | WARNING: ROCm SMI: Failed to get maximum GPU power draw, defaulting to 225W
2025/02/07 (16:44:51) | WARNING: ROCm SMI: Failed to get maximum GPU temperature, defaulting to 110°C
2025/02/07 (16:44:51) | WARNING: ROCm SMI: Failed to get VRAM utilization
2025/02/07 (16:44:51) | WARNING: ROCm SMI: Failed to get GPU power usage
2025/02/07 (16:44:51) | WARNING: ROCm SMI: Failed to get PCIe throughput

2025/02/07 (16:45:16) | ===> btop++ v.1.4.0
2025/02/07 (16:45:16) | WARNING: NVML: Failed to get maximum GPU power draw, defaulting to 225W: Not Supported
2025/02/07 (16:45:16) | WARNING: ROCm SMI: Failed to get maximum GPU power draw, defaulting to 225W
2025/02/07 (16:45:16) | WARNING: ROCm SMI: Failed to get maximum GPU temperature, defaulting to 110°C
2025/02/07 (16:45:16) | WARNING: ROCm SMI: Failed to get VRAM utilization
2025/02/07 (16:45:16) | WARNING: ROCm SMI: Failed to get GPU power usage
2025/02/07 (16:45:16) | WARNING: ROCm SMI: Failed to get PCIe throughput

2025/02/07 (16:46:41) | ===> btop++ v.1.4.0
2025/02/07 (16:46:41) | WARNING: NVML: Failed to get maximum GPU power draw, defaulting to 225W: Not Supported
2025/02/07 (16:46:41) | WARNING: ROCm SMI: Failed to get maximum GPU power draw, defaulting to 225W
2025/02/07 (16:46:41) | WARNING: ROCm SMI: Failed to get maximum GPU temperature, defaulting to 110°C
2025/02/07 (16:46:41) | WARNING: ROCm SMI: Failed to get VRAM utilization
2025/02/07 (16:46:41) | WARNING: ROCm SMI: Failed to get GPU power usage
2025/02/07 (16:46:41) | WARNING: ROCm SMI: Failed to get PCIe throughput

2025/02/07 (16:48:01) | ===> btop++ v.1.4.0
2025/02/07 (16:48:01) | WARNING: NVML: Failed to get maximum GPU power draw, defaulting to 225W: Not Supported
2025/02/07 (16:48:01) | WARNING: ROCm SMI: Failed to get maximum GPU power draw, defaulting to 225W
2025/02/07 (16:48:01) | WARNING: ROCm SMI: Failed to get maximum GPU temperature, defaulting to 110°C
2025/02/07 (16:48:01) | WARNING: ROCm SMI: Failed to get VRAM utilization
2025/02/07 (16:48:01) | WARNING: ROCm SMI: Failed to get GPU power usage
2025/02/07 (16:48:01) | WARNING: ROCm SMI: Failed to get PCIe throughput

2025/02/07 (22:52:39) | ===> btop++ v.1.4.0
2025/02/07 (22:52:39) | WARNING: NVML: Failed to get maximum GPU power draw, defaulting to 225W: Not Supported
2025/02/07 (22:52:39) | WARNING: ROCm SMI: Failed to get maximum GPU power draw, defaulting to 225W
2025/02/07 (22:52:39) | WARNING: ROCm SMI: Failed to get maximum GPU temperature, defaulting to 110°C
2025/02/07 (22:52:39) | WARNING: ROCm SMI: Failed to get VRAM utilization
2025/02/07 (22:52:39) | WARNING: ROCm SMI: Failed to get GPU power usage
2025/02/07 (22:52:39) | WARNING: ROCm SMI: Failed to get PCIe throughput
2025/02/07 (22:57:28) | WARNING: Failed to join _runner thread on exit!

2025/02/07 (23:04:39) | ===> btop++ v.1.4.0
2025/02/07 (23:04:39) | WARNING: NVML: Failed to get maximum GPU power draw, defaulting to 225W: Not Supported
2025/02/07 (23:04:39) | WARNING: ROCm SMI: Failed to get maximum GPU power draw, defaulting to 225W
2025/02/07 (23:04:39) | WARNING: ROCm SMI: Failed to get maximum GPU temperature, defaulting to 110°C
2025/02/07 (23:04:39) | WARNING: ROCm SMI: Failed to get VRAM utilization
2025/02/07 (23:04:39) | WARNING: ROCm SMI: Failed to get GPU power usage
2025/02/07 (23:04:39) | WARNING: ROCm SMI: Failed to get PCIe throughput

2025/02/08 (14:15:51) | ===> btop++ v.1.4.0
2025/02/08 (14:15:51) | WARNING: NVML: Failed to get maximum GPU power draw, defaulting to 225W: Not Supported
2025/02/08 (14:15:51) | WARNING: ROCm SMI: Failed to get maximum GPU power draw, defaulting to 225W
2025/02/08 (14:15:51) | WARNING: ROCm SMI: Failed to get maximum GPU temperature, defaulting to 110°C
2025/02/08 (14:15:51) | WARNING: ROCm SMI: Failed to get VRAM utilization
2025/02/08 (14:15:51) | WARNING: ROCm SMI: Failed to get GPU power usage
2025/02/08 (14:15:51) | WARNING: ROCm SMI: Failed to get PCIe throughput
2025/02/08 (14:18:49) | WARNING: Failed to join _runner thread on exit!

2025/02/08 (15:14:34) | ===> btop++ v.1.4.0
2025/02/08 (15:14:34) | WARNING: NVML: Failed to get maximum GPU power draw, defaulting to 225W: Not Supported
2025/02/08 (15:14:34) | WARNING: ROCm SMI: Failed to get maximum GPU power draw, defaulting to 225W
2025/02/08 (15:14:34) | WARNING: ROCm SMI: Failed to get maximum GPU temperature, defaulting to 110°C
2025/02/08 (15:14:34) | WARNING: ROCm SMI: Failed to get VRAM utilization
2025/02/08 (15:14:34) | WARNING: ROCm SMI: Failed to get GPU power usage
2025/02/08 (15:14:34) | WARNING: ROCm SMI: Failed to get PCIe throughput

2025/02/08 (15:19:48) | ===> btop++ v.1.4.0
2025/02/08 (15:19:48) | WARNING: NVML: Failed to get maximum GPU power draw, defaulting to 225W: Not Supported
2025/02/08 (15:19:48) | WARNING: ROCm SMI: Failed to get maximum GPU power draw, defaulting to 225W
2025/02/08 (15:19:48) | WARNING: ROCm SMI: Failed to get maximum GPU temperature, defaulting to 110°C
2025/02/08 (15:19:48) | WARNING: ROCm SMI: Failed to get VRAM utilization
2025/02/08 (15:19:48) | WARNING: ROCm SMI: Failed to get GPU power usage
2025/02/08 (15:19:48) | WARNING: ROCm SMI: Failed to get PCIe throughput

2025/02/08 (17:31:11) | ===> btop++ v.1.4.0
2025/02/08 (17:31:11) | WARNING: NVML: Failed to get maximum GPU power draw, defaulting to 225W: Not Supported
2025/02/08 (17:31:11) | WARNING: ROCm SMI: Failed to get maximum GPU power draw, defaulting to 225W
2025/02/08 (17:31:11) | WARNING: ROCm SMI: Failed to get maximum GPU temperature, defaulting to 110°C
2025/02/08 (17:31:11) | WARNING: ROCm SMI: Failed to get VRAM utilization
2025/02/08 (17:31:11) | WARNING: ROCm SMI: Failed to get GPU power usage
2025/02/08 (17:31:11) | WARNING: ROCm SMI: Failed to get PCIe throughput

2025/02/10 (00:47:31) | ===> btop++ v.1.4.0
2025/02/10 (00:47:31) | WARNING: NVML: Failed to get maximum GPU power draw, defaulting to 225W: Not Supported
2025/02/10 (00:47:31) | WARNING: ROCm SMI: Failed to get maximum GPU power draw, defaulting to 225W
2025/02/10 (00:47:31) | WARNING: ROCm SMI: Failed to get maximum GPU temperature, defaulting to 110°C
2025/02/10 (00:47:31) | WARNING: ROCm SMI: Failed to get VRAM utilization
2025/02/10 (00:47:31) | WARNING: ROCm SMI: Failed to get GPU power usage
2025/02/10 (00:47:31) | WARNING: ROCm SMI: Failed to get PCIe throughput

2025/02/13 (13:33:21) | ===> btop++ v.1.4.0
2025/02/13 (13:33:21) | WARNING: NVML: Failed to get maximum GPU power draw, defaulting to 225W: Not Supported
2025/02/13 (13:33:21) | WARNING: ROCm SMI: Failed to get maximum GPU power draw, defaulting to 225W
2025/02/13 (13:33:21) | WARNING: ROCm SMI: Failed to get maximum GPU temperature, defaulting to 110°C
2025/02/13 (13:33:21) | WARNING: ROCm SMI: Failed to get VRAM utilization
2025/02/13 (13:33:21) | WARNING: ROCm SMI: Failed to get GPU power usage
2025/02/13 (13:33:21) | WARNING: ROCm SMI: Failed to get PCIe throughput

2025/02/13 (13:44:39) | ===> btop++ v.1.4.0
2025/02/13 (13:44:39) | WARNING: NVML: Failed to get maximum GPU power draw, defaulting to 225W: Not Supported
2025/02/13 (13:44:39) | WARNING: ROCm SMI: Failed to get maximum GPU power draw, defaulting to 225W
2025/02/13 (13:44:39) | WARNING: ROCm SMI: Failed to get maximum GPU temperature, defaulting to 110°C
2025/02/13 (13:44:39) | WARNING: ROCm SMI: Failed to get VRAM utilization
2025/02/13 (13:44:39) | WARNING: ROCm SMI: Failed to get GPU power usage
2025/02/13 (13:44:39) | WARNING: ROCm SMI: Failed to get PCIe throughput

2025/02/13 (13:44:51) | ===> btop++ v.1.4.0
2025/02/13 (13:44:51) | WARNING: NVML: Failed to get maximum GPU power draw, defaulting to 225W: Not Supported
2025/02/13 (13:44:51) | WARNING: ROCm SMI: Failed to get maximum GPU power draw, defaulting to 225W
2025/02/13 (13:44:51) | WARNING: ROCm SMI: Failed to get maximum GPU temperature, defaulting to 110°C
2025/02/13 (13:44:51) | WARNING: ROCm SMI: Failed to get VRAM utilization
2025/02/13 (13:44:51) | WARNING: ROCm SMI: Failed to get GPU power usage
2025/02/13 (13:44:51) | WARNING: ROCm SMI: Failed to get PCIe throughput

2025/02/13 (15:30:11) | ===> btop++ v.1.4.0
2025/02/13 (15:30:11) | WARNING: NVML: Failed to get maximum GPU power draw, defaulting to 225W: Not Supported
2025/02/13 (15:30:11) | WARNING: ROCm SMI: Failed to get maximum GPU power draw, defaulting to 225W
2025/02/13 (15:30:11) | WARNING: ROCm SMI: Failed to get maximum GPU temperature, defaulting to 110°C
2025/02/13 (15:30:11) | WARNING: ROCm SMI: Failed to get VRAM utilization
2025/02/13 (15:30:11) | WARNING: ROCm SMI: Failed to get GPU power usage
2025/02/13 (15:30:11) | WARNING: ROCm SMI: Failed to get PCIe throughput

2025/02/14 (22:06:55) | ===> btop++ v.1.4.0
2025/02/14 (22:06:55) | WARNING: NVML: Failed to get maximum GPU power draw, defaulting to 225W: Not Supported
2025/02/14 (22:06:55) | WARNING: ROCm SMI: Failed to get maximum GPU power draw, defaulting to 225W
2025/02/14 (22:06:55) | WARNING: ROCm SMI: Failed to get maximum GPU temperature, defaulting to 110°C
2025/02/14 (22:06:55) | WARNING: ROCm SMI: Failed to get VRAM utilization
2025/02/14 (22:06:55) | WARNING: ROCm SMI: Failed to get GPU power usage
2025/02/14 (22:06:55) | WARNING: ROCm SMI: Failed to get PCIe throughput

2025/02/17 (21:32:31) | ===> btop++ v.1.4.0
2025/02/17 (21:32:31) | WARNING: NVML: Failed to get maximum GPU power draw, defaulting to 225W: Not Supported
2025/02/17 (21:32:31) | WARNING: ROCm SMI: Failed to get maximum GPU power draw, defaulting to 225W
2025/02/17 (21:32:31) | WARNING: ROCm SMI: Failed to get maximum GPU temperature, defaulting to 110°C
2025/02/17 (21:32:31) | WARNING: ROCm SMI: Failed to get VRAM utilization
2025/02/17 (21:32:31) | WARNING: ROCm SMI: Failed to get GPU power usage
2025/02/17 (21:32:31) | WARNING: ROCm SMI: Failed to get PCIe throughput

2025/02/18 (14:11:31) | ===> btop++ v.1.4.0
2025/02/18 (14:11:31) | WARNING: NVML: Failed to get maximum GPU power draw, defaulting to 225W: Not Supported
2025/02/18 (14:11:31) | WARNING: ROCm SMI: Failed to get maximum GPU power draw, defaulting to 225W
2025/02/18 (14:11:31) | WARNING: ROCm SMI: Failed to get maximum GPU temperature, defaulting to 110°C
2025/02/18 (14:11:31) | WARNING: ROCm SMI: Failed to get VRAM utilization
2025/02/18 (14:11:31) | WARNING: ROCm SMI: Failed to get GPU power usage
2025/02/18 (14:11:31) | WARNING: ROCm SMI: Failed to get PCIe throughput

2025/02/18 (14:25:09) | ===> btop++ v.1.4.0
2025/02/18 (14:25:09) | WARNING: NVML: Failed to get maximum GPU power draw, defaulting to 225W: Not Supported
2025/02/18 (14:25:09) | WARNING: ROCm SMI: Failed to get maximum GPU power draw, defaulting to 225W
2025/02/18 (14:25:09) | WARNING: ROCm SMI: Failed to get maximum GPU temperature, defaulting to 110°C
2025/02/18 (14:25:09) | WARNING: ROCm SMI: Failed to get VRAM utilization
2025/02/18 (14:25:09) | WARNING: ROCm SMI: Failed to get GPU power usage
2025/02/18 (14:25:09) | WARNING: ROCm SMI: Failed to get PCIe throughput

2025/02/18 (14:30:47) | ===> btop++ v.1.4.0
2025/02/18 (14:30:47) | WARNING: NVML: Failed to get maximum GPU power draw, defaulting to 225W: Not Supported
2025/02/18 (14:30:47) | WARNING: ROCm SMI: Failed to get maximum GPU power draw, defaulting to 225W
2025/02/18 (14:30:47) | WARNING: ROCm SMI: Failed to get maximum GPU temperature, defaulting to 110°C
2025/02/18 (14:30:47) | WARNING: ROCm SMI: Failed to get VRAM utilization
2025/02/18 (14:30:47) | WARNING: ROCm SMI: Failed to get GPU power usage
2025/02/18 (14:30:47) | WARNING: ROCm SMI: Failed to get PCIe throughput
2025/02/18 (14:31:42) | WARNING: Failed to join _runner thread on exit!

2025/02/18 (14:32:37) | ===> btop++ v.1.4.0
2025/02/18 (14:32:37) | WARNING: NVML: Failed to get maximum GPU power draw, defaulting to 225W: Not Supported
2025/02/18 (14:32:37) | WARNING: ROCm SMI: Failed to get maximum GPU power draw, defaulting to 225W
2025/02/18 (14:32:37) | WARNING: ROCm SMI: Failed to get maximum GPU temperature, defaulting to 110°C
2025/02/18 (14:32:37) | WARNING: ROCm SMI: Failed to get VRAM utilization
2025/02/18 (14:32:37) | WARNING: ROCm SMI: Failed to get GPU power usage
2025/02/18 (14:32:37) | WARNING: ROCm SMI: Failed to get PCIe throughput

2025/02/18 (14:34:13) | ===> btop++ v.1.4.0
2025/02/18 (14:34:13) | WARNING: NVML: Failed to get maximum GPU power draw, defaulting to 225W: Not Supported
2025/02/18 (14:34:13) | WARNING: ROCm SMI: Failed to get maximum GPU power draw, defaulting to 225W
2025/02/18 (14:34:13) | WARNING: ROCm SMI: Failed to get maximum GPU temperature, defaulting to 110°C
2025/02/18 (14:34:13) | WARNING: ROCm SMI: Failed to get VRAM utilization
2025/02/18 (14:34:13) | WARNING: ROCm SMI: Failed to get GPU power usage
2025/02/18 (14:34:13) | WARNING: ROCm SMI: Failed to get PCIe throughput
2025/02/18 (14:34:36) | WARNING: Failed to join _runner thread on exit!

2025/02/18 (14:47:52) | ===> btop++ v.1.4.0
2025/02/18 (14:47:52) | WARNING: NVML: Failed to get maximum GPU power draw, defaulting to 225W: Not Supported
2025/02/18 (14:47:52) | WARNING: ROCm SMI: Failed to get maximum GPU power draw, defaulting to 225W
2025/02/18 (14:47:52) | WARNING: ROCm SMI: Failed to get maximum GPU temperature, defaulting to 110°C
2025/02/18 (14:47:52) | WARNING: ROCm SMI: Failed to get VRAM utilization
2025/02/18 (14:47:52) | WARNING: ROCm SMI: Failed to get GPU power usage
2025/02/18 (14:47:52) | WARNING: ROCm SMI: Failed to get PCIe throughput
2025/02/18 (14:48:30) | WARNING: Failed to join _runner thread on exit!

2025/02/18 (17:01:28) | ===> btop++ v.1.4.0
2025/02/18 (17:01:28) | WARNING: NVML: Failed to get maximum GPU power draw, defaulting to 225W: Not Supported
2025/02/18 (17:01:28) | WARNING: ROCm SMI: Failed to get maximum GPU power draw, defaulting to 225W
2025/02/18 (17:01:28) | WARNING: ROCm SMI: Failed to get maximum GPU temperature, defaulting to 110°C
2025/02/18 (17:01:28) | WARNING: ROCm SMI: Failed to get VRAM utilization
2025/02/18 (17:01:28) | WARNING: ROCm SMI: Failed to get GPU power usage
2025/02/18 (17:01:28) | WARNING: ROCm SMI: Failed to get PCIe throughput

2025/02/19 (23:32:35) | ===> btop++ v.1.4.0
2025/02/19 (23:32:35) | WARNING: NVML: Failed to get maximum GPU power draw, defaulting to 225W: Not Supported
2025/02/19 (23:32:35) | WARNING: ROCm SMI: Failed to get maximum GPU power draw, defaulting to 225W
2025/02/19 (23:32:35) | WARNING: ROCm SMI: Failed to get maximum GPU temperature, defaulting to 110°C
2025/02/19 (23:32:35) | WARNING: ROCm SMI: Failed to get VRAM utilization
2025/02/19 (23:32:35) | WARNING: ROCm SMI: Failed to get GPU power usage
2025/02/19 (23:32:35) | WARNING: ROCm SMI: Failed to get PCIe throughput

2025/02/21 (21:06:43) | ===> btop++ v.1.4.0
2025/02/21 (21:06:43) | WARNING: NVML: Failed to get maximum GPU power draw, defaulting to 225W: Not Supported
2025/02/21 (21:06:43) | WARNING: ROCm SMI: Failed to get maximum GPU power draw, defaulting to 225W
2025/02/21 (21:06:43) | WARNING: ROCm SMI: Failed to get maximum GPU temperature, defaulting to 110°C
2025/02/21 (21:06:43) | WARNING: ROCm SMI: Failed to get VRAM utilization
2025/02/21 (21:06:43) | WARNING: ROCm SMI: Failed to get GPU power usage
2025/02/21 (21:06:43) | WARNING: ROCm SMI: Failed to get PCIe throughput

2025/02/22 (22:44:10) | ===> btop++ v.1.4.0
2025/02/22 (22:44:10) | WARNING: NVML: Failed to get maximum GPU power draw, defaulting to 225W: Not Supported
2025/02/22 (22:44:10) | WARNING: ROCm SMI: Failed to get maximum GPU power draw, defaulting to 225W
2025/02/22 (22:44:10) | WARNING: ROCm SMI: Failed to get maximum GPU temperature, defaulting to 110°C
2025/02/22 (22:44:10) | WARNING: ROCm SMI: Failed to get VRAM utilization
2025/02/22 (22:44:10) | WARNING: ROCm SMI: Failed to get GPU power usage
2025/02/22 (22:44:10) | WARNING: ROCm SMI: Failed to get PCIe throughput

2025/02/22 (23:33:32) | ===> btop++ v.1.4.0
2025/02/22 (23:33:32) | WARNING: NVML: Failed to get maximum GPU power draw, defaulting to 225W: Not Supported
2025/02/22 (23:33:32) | WARNING: ROCm SMI: Failed to get maximum GPU power draw, defaulting to 225W
2025/02/22 (23:33:32) | WARNING: ROCm SMI: Failed to get maximum GPU temperature, defaulting to 110°C
2025/02/22 (23:33:32) | WARNING: ROCm SMI: Failed to get VRAM utilization
2025/02/22 (23:33:32) | WARNING: ROCm SMI: Failed to get GPU power usage
2025/02/22 (23:33:32) | WARNING: ROCm SMI: Failed to get PCIe throughput

2025/02/22 (23:38:29) | ===> btop++ v.1.4.0
2025/02/22 (23:38:29) | WARNING: NVML: Failed to get maximum GPU power draw, defaulting to 225W: Not Supported
2025/02/22 (23:38:29) | WARNING: ROCm SMI: Failed to get maximum GPU power draw, defaulting to 225W
2025/02/22 (23:38:29) | WARNING: ROCm SMI: Failed to get maximum GPU temperature, defaulting to 110°C
2025/02/22 (23:38:29) | WARNING: ROCm SMI: Failed to get VRAM utilization
2025/02/22 (23:38:29) | WARNING: ROCm SMI: Failed to get GPU power usage
2025/02/22 (23:38:29) | WARNING: ROCm SMI: Failed to get PCIe throughput

2025/02/23 (03:56:00) | ===> btop++ v.1.4.0
2025/02/23 (03:56:00) | WARNING: NVML: Failed to get maximum GPU power draw, defaulting to 225W: Not Supported
2025/02/23 (03:56:00) | WARNING: ROCm SMI: Failed to get maximum GPU power draw, defaulting to 225W
2025/02/23 (03:56:00) | WARNING: ROCm SMI: Failed to get maximum GPU temperature, defaulting to 110°C
2025/02/23 (03:56:00) | WARNING: ROCm SMI: Failed to get VRAM utilization
2025/02/23 (03:56:00) | WARNING: ROCm SMI: Failed to get GPU power usage
2025/02/23 (03:56:00) | WARNING: ROCm SMI: Failed to get PCIe throughput

2025/02/23 (14:43:44) | ===> btop++ v.1.4.0
2025/02/23 (14:43:44) | WARNING: NVML: Failed to get maximum GPU power draw, defaulting to 225W: Not Supported
2025/02/23 (14:43:44) | WARNING: ROCm SMI: Failed to get maximum GPU power draw, defaulting to 225W
2025/02/23 (14:43:44) | WARNING: ROCm SMI: Failed to get maximum GPU temperature, defaulting to 110°C
2025/02/23 (14:43:44) | WARNING: ROCm SMI: Failed to get VRAM utilization
2025/02/23 (14:43:44) | WARNING: ROCm SMI: Failed to get GPU power usage
2025/02/23 (14:43:44) | WARNING: ROCm SMI: Failed to get PCIe throughput

2025/02/23 (14:48:28) | ===> btop++ v.1.4.0
2025/02/23 (14:48:28) | WARNING: NVML: Failed to get maximum GPU power draw, defaulting to 225W: Not Supported
2025/02/23 (14:48:28) | WARNING: ROCm SMI: Failed to get maximum GPU power draw, defaulting to 225W
2025/02/23 (14:48:28) | WARNING: ROCm SMI: Failed to get maximum GPU temperature, defaulting to 110°C
2025/02/23 (14:48:28) | WARNING: ROCm SMI: Failed to get VRAM utilization
2025/02/23 (14:48:28) | WARNING: ROCm SMI: Failed to get GPU power usage
2025/02/23 (14:48:28) | WARNING: ROCm SMI: Failed to get PCIe throughput

2025/02/23 (15:05:49) | ===> btop++ v.1.4.0
2025/02/23 (15:05:49) | WARNING: NVML: Failed to get maximum GPU power draw, defaulting to 225W: Not Supported
2025/02/23 (15:05:49) | WARNING: ROCm SMI: Failed to get maximum GPU power draw, defaulting to 225W
2025/02/23 (15:05:49) | WARNING: ROCm SMI: Failed to get maximum GPU temperature, defaulting to 110°C
2025/02/23 (15:05:49) | WARNING: ROCm SMI: Failed to get VRAM utilization
2025/02/23 (15:05:49) | WARNING: ROCm SMI: Failed to get GPU power usage
2025/02/23 (15:05:49) | WARNING: ROCm SMI: Failed to get PCIe throughput
2025/02/23 (15:06:46) | WARNING: Failed to join _runner thread on exit!

2025/02/23 (15:10:09) | ===> btop++ v.1.4.0
2025/02/23 (15:10:09) | WARNING: NVML: Failed to get maximum GPU power draw, defaulting to 225W: Not Supported
2025/02/23 (15:10:09) | WARNING: ROCm SMI: Failed to get maximum GPU power draw, defaulting to 225W
2025/02/23 (15:10:09) | WARNING: ROCm SMI: Failed to get maximum GPU temperature, defaulting to 110°C
2025/02/23 (15:10:09) | WARNING: ROCm SMI: Failed to get VRAM utilization
2025/02/23 (15:10:09) | WARNING: ROCm SMI: Failed to get GPU power usage
2025/02/23 (15:10:09) | WARNING: ROCm SMI: Failed to get PCIe throughput

2025/02/23 (15:28:28) | ===> btop++ v.1.4.0
2025/02/23 (15:28:28) | WARNING: NVML: Failed to get maximum GPU power draw, defaulting to 225W: Not Supported
2025/02/23 (15:28:28) | WARNING: ROCm SMI: Failed to get maximum GPU power draw, defaulting to 225W
2025/02/23 (15:28:28) | WARNING: ROCm SMI: Failed to get maximum GPU temperature, defaulting to 110°C
2025/02/23 (15:28:28) | WARNING: ROCm SMI: Failed to get VRAM utilization
2025/02/23 (15:28:28) | WARNING: ROCm SMI: Failed to get GPU power usage
2025/02/23 (15:28:28) | WARNING: ROCm SMI: Failed to get PCIe throughput

2025/02/23 (15:39:59) | ===> btop++ v.1.4.0
2025/02/23 (15:39:59) | WARNING: NVML: Failed to get maximum GPU power draw, defaulting to 225W: Not Supported
2025/02/23 (15:39:59) | WARNING: ROCm SMI: Failed to get maximum GPU power draw, defaulting to 225W
2025/02/23 (15:39:59) | WARNING: ROCm SMI: Failed to get maximum GPU temperature, defaulting to 110°C
2025/02/23 (15:39:59) | WARNING: ROCm SMI: Failed to get VRAM utilization
2025/02/23 (15:39:59) | WARNING: ROCm SMI: Failed to get GPU power usage
2025/02/23 (15:39:59) | WARNING: ROCm SMI: Failed to get PCIe throughput
2025/02/23 (15:40:31) | WARNING: Failed to join _runner thread on exit!

2025/02/23 (15:40:59) | ===> btop++ v.1.4.0
2025/02/23 (15:40:59) | WARNING: NVML: Failed to get maximum GPU power draw, defaulting to 225W: Not Supported
2025/02/23 (15:40:59) | WARNING: ROCm SMI: Failed to get maximum GPU power draw, defaulting to 225W
2025/02/23 (15:40:59) | WARNING: ROCm SMI: Failed to get maximum GPU temperature, defaulting to 110°C
2025/02/23 (15:40:59) | WARNING: ROCm SMI: Failed to get VRAM utilization
2025/02/23 (15:40:59) | WARNING: ROCm SMI: Failed to get GPU power usage
2025/02/23 (15:40:59) | WARNING: ROCm SMI: Failed to get PCIe throughput
2025/02/23 (15:41:36) | WARNING: Failed to join _runner thread on exit!

2025/02/23 (15:42:27) | ===> btop++ v.1.4.0
2025/02/23 (15:42:27) | WARNING: NVML: Failed to get maximum GPU power draw, defaulting to 225W: Not Supported
2025/02/23 (15:42:27) | WARNING: ROCm SMI: Failed to get maximum GPU power draw, defaulting to 225W
2025/02/23 (15:42:27) | WARNING: ROCm SMI: Failed to get maximum GPU temperature, defaulting to 110°C
2025/02/23 (15:42:27) | WARNING: ROCm SMI: Failed to get VRAM utilization
2025/02/23 (15:42:27) | WARNING: ROCm SMI: Failed to get GPU power usage
2025/02/23 (15:42:27) | WARNING: ROCm SMI: Failed to get PCIe throughput

2025/02/23 (15:43:33) | ===> btop++ v.1.4.0
2025/02/23 (15:43:33) | WARNING: NVML: Failed to get maximum GPU power draw, defaulting to 225W: Not Supported
2025/02/23 (15:43:33) | WARNING: ROCm SMI: Failed to get maximum GPU power draw, defaulting to 225W
2025/02/23 (15:43:33) | WARNING: ROCm SMI: Failed to get maximum GPU temperature, defaulting to 110°C
2025/02/23 (15:43:33) | WARNING: ROCm SMI: Failed to get VRAM utilization
2025/02/23 (15:43:33) | WARNING: ROCm SMI: Failed to get GPU power usage
2025/02/23 (15:43:33) | WARNING: ROCm SMI: Failed to get PCIe throughput

2025/02/23 (15:49:13) | ===> btop++ v.1.4.0
2025/02/23 (15:49:13) | WARNING: NVML: Failed to get maximum GPU power draw, defaulting to 225W: Not Supported
2025/02/23 (15:49:13) | WARNING: ROCm SMI: Failed to get maximum GPU power draw, defaulting to 225W
2025/02/23 (15:49:13) | WARNING: ROCm SMI: Failed to get maximum GPU temperature, defaulting to 110°C
2025/02/23 (15:49:13) | WARNING: ROCm SMI: Failed to get VRAM utilization
2025/02/23 (15:49:13) | WARNING: ROCm SMI: Failed to get GPU power usage
2025/02/23 (15:49:13) | WARNING: ROCm SMI: Failed to get PCIe throughput

2025/02/23 (15:57:44) | ===> btop++ v.1.4.0
2025/02/23 (15:57:44) | WARNING: NVML: Failed to get maximum GPU power draw, defaulting to 225W: Not Supported
2025/02/23 (15:57:44) | WARNING: ROCm SMI: Failed to get maximum GPU power draw, defaulting to 225W
2025/02/23 (15:57:44) | WARNING: ROCm SMI: Failed to get maximum GPU temperature, defaulting to 110°C
2025/02/23 (15:57:44) | WARNING: ROCm SMI: Failed to get VRAM utilization
2025/02/23 (15:57:44) | WARNING: ROCm SMI: Failed to get GPU power usage
2025/02/23 (15:57:44) | WARNING: ROCm SMI: Failed to get PCIe throughput

2025/02/23 (18:31:51) | ===> btop++ v.1.4.0
2025/02/23 (18:31:51) | WARNING: NVML: Failed to get maximum GPU power draw, defaulting to 225W: Not Supported
2025/02/23 (18:31:51) | WARNING: ROCm SMI: Failed to get maximum GPU power draw, defaulting to 225W
2025/02/23 (18:31:51) | WARNING: ROCm SMI: Failed to get maximum GPU temperature, defaulting to 110°C
2025/02/23 (18:31:51) | WARNING: ROCm SMI: Failed to get VRAM utilization
2025/02/23 (18:31:51) | WARNING: ROCm SMI: Failed to get GPU power usage
2025/02/23 (18:31:51) | WARNING: ROCm SMI: Failed to get PCIe throughput

2025/02/23 (18:36:01) | ===> btop++ v.1.4.0
2025/02/23 (18:36:01) | WARNING: NVML: Failed to get maximum GPU power draw, defaulting to 225W: Not Supported
2025/02/23 (18:36:01) | WARNING: ROCm SMI: Failed to get maximum GPU power draw, defaulting to 225W
2025/02/23 (18:36:01) | WARNING: ROCm SMI: Failed to get maximum GPU temperature, defaulting to 110°C
2025/02/23 (18:36:01) | WARNING: ROCm SMI: Failed to get VRAM utilization
2025/02/23 (18:36:01) | WARNING: ROCm SMI: Failed to get GPU power usage
2025/02/23 (18:36:01) | WARNING: ROCm SMI: Failed to get PCIe throughput

2025/02/23 (18:36:23) | ===> btop++ v.1.4.0
2025/02/23 (18:36:23) | WARNING: NVML: Failed to get maximum GPU power draw, defaulting to 225W: Not Supported
2025/02/23 (18:36:23) | WARNING: ROCm SMI: Failed to get maximum GPU power draw, defaulting to 225W
2025/02/23 (18:36:23) | WARNING: ROCm SMI: Failed to get maximum GPU temperature, defaulting to 110°C
2025/02/23 (18:36:23) | WARNING: ROCm SMI: Failed to get VRAM utilization
2025/02/23 (18:36:23) | WARNING: ROCm SMI: Failed to get GPU power usage
2025/02/23 (18:36:23) | WARNING: ROCm SMI: Failed to get PCIe throughput

2025/02/23 (19:46:08) | ===> btop++ v.1.4.0
2025/02/23 (19:46:08) | WARNING: NVML: Failed to get maximum GPU power draw, defaulting to 225W: Not Supported
2025/02/23 (19:46:08) | WARNING: ROCm SMI: Failed to get maximum GPU power draw, defaulting to 225W
2025/02/23 (19:46:08) | WARNING: ROCm SMI: Failed to get maximum GPU temperature, defaulting to 110°C
2025/02/23 (19:46:08) | WARNING: ROCm SMI: Failed to get VRAM utilization
2025/02/23 (19:46:08) | WARNING: ROCm SMI: Failed to get GPU power usage
2025/02/23 (19:46:08) | WARNING: ROCm SMI: Failed to get PCIe throughput

2025/02/23 (19:46:59) | ===> btop++ v.1.4.0
2025/02/23 (19:46:59) | WARNING: NVML: Failed to get maximum GPU power draw, defaulting to 225W: Not Supported
2025/02/23 (19:46:59) | WARNING: ROCm SMI: Failed to get maximum GPU power draw, defaulting to 225W
2025/02/23 (19:46:59) | WARNING: ROCm SMI: Failed to get maximum GPU temperature, defaulting to 110°C
2025/02/23 (19:46:59) | WARNING: ROCm SMI: Failed to get VRAM utilization
2025/02/23 (19:46:59) | WARNING: ROCm SMI: Failed to get GPU power usage
2025/02/23 (19:46:59) | WARNING: ROCm SMI: Failed to get PCIe throughput
2025/02/23 (19:47:05) | WARNING: Failed to join _runner thread on exit!

2025/02/23 (19:50:02) | ===> btop++ v.1.4.0
2025/02/23 (19:50:02) | WARNING: NVML: Failed to get maximum GPU power draw, defaulting to 225W: Not Supported
2025/02/23 (19:50:02) | WARNING: ROCm SMI: Failed to get maximum GPU power draw, defaulting to 225W
2025/02/23 (19:50:02) | WARNING: ROCm SMI: Failed to get maximum GPU temperature, defaulting to 110°C
2025/02/23 (19:50:02) | WARNING: ROCm SMI: Failed to get VRAM utilization
2025/02/23 (19:50:02) | WARNING: ROCm SMI: Failed to get GPU power usage
2025/02/23 (19:50:02) | WARNING: ROCm SMI: Failed to get PCIe throughput

2025/02/23 (19:52:10) | ===> btop++ v.1.4.0
2025/02/23 (19:52:10) | WARNING: NVML: Failed to get maximum GPU power draw, defaulting to 225W: Not Supported
2025/02/23 (19:52:10) | WARNING: ROCm SMI: Failed to get maximum GPU power draw, defaulting to 225W
2025/02/23 (19:52:10) | WARNING: ROCm SMI: Failed to get maximum GPU temperature, defaulting to 110°C
2025/02/23 (19:52:10) | WARNING: ROCm SMI: Failed to get VRAM utilization
2025/02/23 (19:52:10) | WARNING: ROCm SMI: Failed to get GPU power usage
2025/02/23 (19:52:10) | WARNING: ROCm SMI: Failed to get PCIe throughput

2025/02/23 (20:09:52) | ===> btop++ v.1.4.0
2025/02/23 (20:09:52) | WARNING: NVML: Failed to get maximum GPU power draw, defaulting to 225W: Not Supported
2025/02/23 (20:09:52) | WARNING: ROCm SMI: Failed to get maximum GPU power draw, defaulting to 225W
2025/02/23 (20:09:52) | WARNING: ROCm SMI: Failed to get maximum GPU temperature, defaulting to 110°C
2025/02/23 (20:09:52) | WARNING: ROCm SMI: Failed to get VRAM utilization
2025/02/23 (20:09:52) | WARNING: ROCm SMI: Failed to get GPU power usage
2025/02/23 (20:09:52) | WARNING: ROCm SMI: Failed to get PCIe throughput

2025/02/24 (19:19:37) | ===> btop++ v.1.4.0
2025/02/24 (19:19:37) | WARNING: NVML: Failed to get maximum GPU power draw, defaulting to 225W: Not Supported
2025/02/24 (19:19:37) | WARNING: ROCm SMI: Failed to get maximum GPU power draw, defaulting to 225W
2025/02/24 (19:19:37) | WARNING: ROCm SMI: Failed to get maximum GPU temperature, defaulting to 110°C
2025/02/24 (19:19:37) | WARNING: ROCm SMI: Failed to get VRAM utilization
2025/02/24 (19:19:37) | WARNING: ROCm SMI: Failed to get GPU power usage
2025/02/24 (19:19:37) | WARNING: ROCm SMI: Failed to get PCIe throughput

2025/02/26 (14:54:06) | ===> btop++ v.1.4.0
2025/02/26 (14:54:06) | WARNING: NVML: Failed to get maximum GPU power draw, defaulting to 225W: Not Supported
2025/02/26 (14:54:06) | WARNING: ROCm SMI: Failed to get maximum GPU power draw, defaulting to 225W
2025/02/26 (14:54:06) | WARNING: ROCm SMI: Failed to get maximum GPU temperature, defaulting to 110°C
2025/02/26 (14:54:06) | WARNING: ROCm SMI: Failed to get VRAM utilization
2025/02/26 (14:54:06) | WARNING: ROCm SMI: Failed to get GPU power usage
2025/02/26 (14:54:06) | WARNING: ROCm SMI: Failed to get PCIe throughput

2025/02/26 (23:28:11) | ===> btop++ v.1.4.0
2025/02/26 (23:28:11) | WARNING: NVML: Failed to get maximum GPU power draw, defaulting to 225W: Not Supported
2025/02/26 (23:28:11) | WARNING: ROCm SMI: Failed to get maximum GPU power draw, defaulting to 225W
2025/02/26 (23:28:11) | WARNING: ROCm SMI: Failed to get maximum GPU temperature, defaulting to 110°C
2025/02/26 (23:28:11) | WARNING: ROCm SMI: Failed to get VRAM utilization
2025/02/26 (23:28:11) | WARNING: ROCm SMI: Failed to get GPU power usage
2025/02/26 (23:28:11) | WARNING: ROCm SMI: Failed to get PCIe throughput

2025/02/27 (12:13:01) | ===> btop++ v.1.4.0
2025/02/27 (12:13:01) | WARNING: NVML: Failed to get maximum GPU power draw, defaulting to 225W: Not Supported
2025/02/27 (12:13:01) | WARNING: ROCm SMI: Failed to get maximum GPU power draw, defaulting to 225W
2025/02/27 (12:13:01) | WARNING: ROCm SMI: Failed to get maximum GPU temperature, defaulting to 110°C
2025/02/27 (12:13:01) | WARNING: ROCm SMI: Failed to get VRAM utilization
2025/02/27 (12:13:01) | WARNING: ROCm SMI: Failed to get GPU power usage
2025/02/27 (12:13:01) | WARNING: ROCm SMI: Failed to get PCIe throughput

2025/02/27 (16:04:42) | ===> btop++ v.1.4.0
2025/02/27 (16:04:42) | WARNING: NVML: Failed to get maximum GPU power draw, defaulting to 225W: Not Supported
2025/02/27 (16:04:42) | WARNING: ROCm SMI: Failed to get maximum GPU power draw, defaulting to 225W
2025/02/27 (16:04:42) | WARNING: ROCm SMI: Failed to get maximum GPU temperature, defaulting to 110°C
2025/02/27 (16:04:42) | WARNING: ROCm SMI: Failed to get VRAM utilization
2025/02/27 (16:04:42) | WARNING: ROCm SMI: Failed to get GPU power usage
2025/02/27 (16:04:42) | WARNING: ROCm SMI: Failed to get PCIe throughput

2025/02/28 (01:57:09) | ===> btop++ v.1.4.0
2025/02/28 (01:57:09) | WARNING: NVML: Failed to get maximum GPU power draw, defaulting to 225W: Not Supported
2025/02/28 (01:57:09) | WARNING: ROCm SMI: Failed to get maximum GPU power draw, defaulting to 225W
2025/02/28 (01:57:09) | WARNING: ROCm SMI: Failed to get maximum GPU temperature, defaulting to 110°C
2025/02/28 (01:57:09) | WARNING: ROCm SMI: Failed to get VRAM utilization
2025/02/28 (01:57:09) | WARNING: ROCm SMI: Failed to get GPU power usage
2025/02/28 (01:57:09) | WARNING: ROCm SMI: Failed to get PCIe throughput

2025/03/01 (15:06:49) | ===> btop++ v.1.4.0
2025/03/01 (15:06:49) | WARNING: NVML: Failed to get maximum GPU power draw, defaulting to 225W: Not Supported
2025/03/01 (15:06:49) | WARNING: ROCm SMI: Failed to get maximum GPU power draw, defaulting to 225W
2025/03/01 (15:06:49) | WARNING: ROCm SMI: Failed to get maximum GPU temperature, defaulting to 110°C
2025/03/01 (15:06:49) | WARNING: ROCm SMI: Failed to get VRAM utilization
2025/03/01 (15:06:49) | WARNING: ROCm SMI: Failed to get GPU power usage
2025/03/01 (15:06:49) | WARNING: ROCm SMI: Failed to get PCIe throughput

2025/03/01 (21:36:38) | ===> btop++ v.1.4.0
2025/03/01 (21:36:38) | WARNING: NVML: Failed to get maximum GPU power draw, defaulting to 225W: Not Supported
2025/03/01 (21:36:38) | WARNING: ROCm SMI: Failed to get maximum GPU power draw, defaulting to 225W
2025/03/01 (21:36:38) | WARNING: ROCm SMI: Failed to get maximum GPU temperature, defaulting to 110°C
2025/03/01 (21:36:38) | WARNING: ROCm SMI: Failed to get VRAM utilization
2025/03/01 (21:36:38) | WARNING: ROCm SMI: Failed to get GPU power usage
2025/03/01 (21:36:38) | WARNING: ROCm SMI: Failed to get PCIe throughput

2025/03/01 (23:58:19) | ===> btop++ v.1.4.0
2025/03/01 (23:58:19) | WARNING: NVML: Failed to get maximum GPU power draw, defaulting to 225W: Not Supported
2025/03/01 (23:58:19) | WARNING: ROCm SMI: Failed to get maximum GPU power draw, defaulting to 225W
2025/03/01 (23:58:19) | WARNING: ROCm SMI: Failed to get maximum GPU temperature, defaulting to 110°C
2025/03/01 (23:58:19) | WARNING: ROCm SMI: Failed to get VRAM utilization
2025/03/01 (23:58:19) | WARNING: ROCm SMI: Failed to get GPU power usage
2025/03/01 (23:58:19) | WARNING: ROCm SMI: Failed to get PCIe throughput
2025/03/02 (00:00:10) | WARNING: Failed to join _runner thread on exit!

2025/03/02 (21:52:38) | ===> btop++ v.1.4.0
2025/03/02 (21:52:38) | WARNING: NVML: Failed to get maximum GPU power draw, defaulting to 225W: Not Supported
2025/03/02 (21:52:38) | WARNING: ROCm SMI: Failed to get maximum GPU power draw, defaulting to 225W
2025/03/02 (21:52:38) | WARNING: ROCm SMI: Failed to get maximum GPU temperature, defaulting to 110°C
2025/03/02 (21:52:38) | WARNING: ROCm SMI: Failed to get VRAM utilization
2025/03/02 (21:52:38) | WARNING: ROCm SMI: Failed to get GPU power usage
2025/03/02 (21:52:38) | WARNING: ROCm SMI: Failed to get PCIe throughput

2025/03/02 (21:57:51) | ===> btop++ v.1.4.0
2025/03/02 (21:57:51) | WARNING: NVML: Failed to get maximum GPU power draw, defaulting to 225W: Not Supported
2025/03/02 (21:57:51) | WARNING: ROCm SMI: Failed to get maximum GPU power draw, defaulting to 225W
2025/03/02 (21:57:51) | WARNING: ROCm SMI: Failed to get maximum GPU temperature, defaulting to 110°C
2025/03/02 (21:57:51) | WARNING: ROCm SMI: Failed to get VRAM utilization
2025/03/02 (21:57:51) | WARNING: ROCm SMI: Failed to get GPU power usage
2025/03/02 (21:57:51) | WARNING: ROCm SMI: Failed to get PCIe throughput
2025/03/02 (21:58:42) | WARNING: Failed to join _runner thread on exit!

2025/03/02 (21:59:05) | ===> btop++ v.1.4.0
2025/03/02 (21:59:05) | WARNING: NVML: Failed to get maximum GPU power draw, defaulting to 225W: Not Supported
2025/03/02 (21:59:05) | WARNING: ROCm SMI: Failed to get maximum GPU power draw, defaulting to 225W
2025/03/02 (21:59:05) | WARNING: ROCm SMI: Failed to get maximum GPU temperature, defaulting to 110°C
2025/03/02 (21:59:05) | WARNING: ROCm SMI: Failed to get VRAM utilization
2025/03/02 (21:59:05) | WARNING: ROCm SMI: Failed to get GPU power usage
2025/03/02 (21:59:05) | WARNING: ROCm SMI: Failed to get PCIe throughput
2025/03/02 (21:59:36) | WARNING: Failed to join _runner thread on exit!

2025/03/02 (22:01:56) | ===> btop++ v.1.4.0
2025/03/02 (22:01:56) | WARNING: NVML: Failed to get maximum GPU power draw, defaulting to 225W: Not Supported
2025/03/02 (22:01:56) | WARNING: ROCm SMI: Failed to get maximum GPU power draw, defaulting to 225W
2025/03/02 (22:01:56) | WARNING: ROCm SMI: Failed to get maximum GPU temperature, defaulting to 110°C
2025/03/02 (22:01:56) | WARNING: ROCm SMI: Failed to get VRAM utilization
2025/03/02 (22:01:56) | WARNING: ROCm SMI: Failed to get GPU power usage
2025/03/02 (22:01:56) | WARNING: ROCm SMI: Failed to get PCIe throughput
2025/03/02 (22:02:04) | WARNING: Failed to join _runner thread on exit!

2025/03/02 (22:03:55) | ===> btop++ v.1.4.0
2025/03/02 (22:03:55) | WARNING: NVML: Failed to get maximum GPU power draw, defaulting to 225W: Not Supported
2025/03/02 (22:03:55) | WARNING: ROCm SMI: Failed to get maximum GPU power draw, defaulting to 225W
2025/03/02 (22:03:55) | WARNING: ROCm SMI: Failed to get maximum GPU temperature, defaulting to 110°C
2025/03/02 (22:03:55) | WARNING: ROCm SMI: Failed to get VRAM utilization
2025/03/02 (22:03:55) | WARNING: ROCm SMI: Failed to get GPU power usage
2025/03/02 (22:03:55) | WARNING: ROCm SMI: Failed to get PCIe throughput

2025/03/02 (22:04:20) | ===> btop++ v.1.4.0
2025/03/02 (22:04:20) | WARNING: NVML: Failed to get maximum GPU power draw, defaulting to 225W: Not Supported
2025/03/02 (22:04:20) | WARNING: ROCm SMI: Failed to get maximum GPU power draw, defaulting to 225W
2025/03/02 (22:04:20) | WARNING: ROCm SMI: Failed to get maximum GPU temperature, defaulting to 110°C
2025/03/02 (22:04:20) | WARNING: ROCm SMI: Failed to get VRAM utilization
2025/03/02 (22:04:20) | WARNING: ROCm SMI: Failed to get GPU power usage
2025/03/02 (22:04:20) | WARNING: ROCm SMI: Failed to get PCIe throughput
2025/03/02 (22:04:29) | WARNING: Failed to join _runner thread on exit!

2025/03/02 (22:05:10) | ===> btop++ v.1.4.0
2025/03/02 (22:05:10) | WARNING: NVML: Failed to get maximum GPU power draw, defaulting to 225W: Not Supported
2025/03/02 (22:05:10) | WARNING: ROCm SMI: Failed to get maximum GPU power draw, defaulting to 225W
2025/03/02 (22:05:10) | WARNING: ROCm SMI: Failed to get maximum GPU temperature, defaulting to 110°C
2025/03/02 (22:05:10) | WARNING: ROCm SMI: Failed to get VRAM utilization
2025/03/02 (22:05:10) | WARNING: ROCm SMI: Failed to get GPU power usage
2025/03/02 (22:05:10) | WARNING: ROCm SMI: Failed to get PCIe throughput

2025/03/02 (22:05:22) | ===> btop++ v.1.4.0
2025/03/02 (22:05:22) | WARNING: NVML: Failed to get maximum GPU power draw, defaulting to 225W: Not Supported
2025/03/02 (22:05:22) | WARNING: ROCm SMI: Failed to get maximum GPU power draw, defaulting to 225W
2025/03/02 (22:05:22) | WARNING: ROCm SMI: Failed to get maximum GPU temperature, defaulting to 110°C
2025/03/02 (22:05:22) | WARNING: ROCm SMI: Failed to get VRAM utilization
2025/03/02 (22:05:22) | WARNING: ROCm SMI: Failed to get GPU power usage
2025/03/02 (22:05:22) | WARNING: ROCm SMI: Failed to get PCIe throughput

2025/03/03 (17:29:54) | ===> btop++ v.1.4.0
2025/03/03 (17:29:54) | WARNING: NVML: Failed to get maximum GPU power draw, defaulting to 225W: Not Supported
2025/03/03 (17:29:54) | WARNING: ROCm SMI: Failed to get maximum GPU power draw, defaulting to 225W
2025/03/03 (17:29:54) | WARNING: ROCm SMI: Failed to get maximum GPU temperature, defaulting to 110°C
2025/03/03 (17:29:54) | WARNING: ROCm SMI: Failed to get VRAM utilization
2025/03/03 (17:29:54) | WARNING: ROCm SMI: Failed to get GPU power usage
2025/03/03 (17:29:54) | WARNING: ROCm SMI: Failed to get PCIe throughput

2025/03/03 (20:44:00) | ===> btop++ v.1.4.0
2025/03/03 (20:44:00) | WARNING: NVML: Failed to get maximum GPU power draw, defaulting to 225W: Not Supported
2025/03/03 (20:44:00) | WARNING: ROCm SMI: Failed to get maximum GPU power draw, defaulting to 225W
2025/03/03 (20:44:00) | WARNING: ROCm SMI: Failed to get maximum GPU temperature, defaulting to 110°C
2025/03/03 (20:44:00) | WARNING: ROCm SMI: Failed to get VRAM utilization
2025/03/03 (20:44:00) | WARNING: ROCm SMI: Failed to get GPU power usage
2025/03/03 (20:44:00) | WARNING: ROCm SMI: Failed to get PCIe throughput

2025/03/03 (22:36:40) | ===> btop++ v.1.4.0
2025/03/03 (22:36:40) | WARNING: NVML: Failed to get maximum GPU power draw, defaulting to 225W: Not Supported
2025/03/03 (22:36:40) | WARNING: ROCm SMI: Failed to get maximum GPU power draw, defaulting to 225W
2025/03/03 (22:36:40) | WARNING: ROCm SMI: Failed to get maximum GPU temperature, defaulting to 110°C
2025/03/03 (22:36:40) | WARNING: ROCm SMI: Failed to get VRAM utilization
2025/03/03 (22:36:40) | WARNING: ROCm SMI: Failed to get GPU power usage
2025/03/03 (22:36:40) | WARNING: ROCm SMI: Failed to get PCIe throughput

2025/03/03 (22:42:59) | ===> btop++ v.1.4.0
2025/03/03 (22:42:59) | WARNING: NVML: Failed to get maximum GPU power draw, defaulting to 225W: Not Supported
2025/03/03 (22:42:59) | WARNING: ROCm SMI: Failed to get maximum GPU power draw, defaulting to 225W
2025/03/03 (22:42:59) | WARNING: ROCm SMI: Failed to get maximum GPU temperature, defaulting to 110°C
2025/03/03 (22:42:59) | WARNING: ROCm SMI: Failed to get VRAM utilization
2025/03/03 (22:42:59) | WARNING: ROCm SMI: Failed to get GPU power usage
2025/03/03 (22:42:59) | WARNING: ROCm SMI: Failed to get PCIe throughput

2025/03/04 (13:58:11) | ===> btop++ v.1.4.0
2025/03/04 (13:58:11) | WARNING: NVML: Failed to get maximum GPU power draw, defaulting to 225W: Not Supported
2025/03/04 (13:58:12) | WARNING: ROCm SMI: Failed to get maximum GPU power draw, defaulting to 225W
2025/03/04 (13:58:12) | WARNING: ROCm SMI: Failed to get maximum GPU temperature, defaulting to 110°C
2025/03/04 (13:58:12) | WARNING: ROCm SMI: Failed to get VRAM utilization
2025/03/04 (13:58:12) | WARNING: ROCm SMI: Failed to get GPU power usage
2025/03/04 (13:58:12) | WARNING: ROCm SMI: Failed to get PCIe throughput

2025/03/04 (14:02:01) | ===> btop++ v.1.4.0
2025/03/04 (14:02:01) | WARNING: NVML: Failed to get maximum GPU power draw, defaulting to 225W: Not Supported
2025/03/04 (14:02:01) | WARNING: ROCm SMI: Failed to get maximum GPU power draw, defaulting to 225W
2025/03/04 (14:02:01) | WARNING: ROCm SMI: Failed to get maximum GPU temperature, defaulting to 110°C
2025/03/04 (14:02:01) | WARNING: ROCm SMI: Failed to get VRAM utilization
2025/03/04 (14:02:01) | WARNING: ROCm SMI: Failed to get GPU power usage
2025/03/04 (14:02:01) | WARNING: ROCm SMI: Failed to get PCIe throughput

2025/03/04 (19:56:09) | ===> btop++ v.1.4.0
2025/03/04 (19:56:09) | WARNING: NVML: Failed to get maximum GPU power draw, defaulting to 225W: Not Supported
2025/03/04 (19:56:10) | WARNING: ROCm SMI: Failed to get maximum GPU power draw, defaulting to 225W
2025/03/04 (19:56:10) | WARNING: ROCm SMI: Failed to get maximum GPU temperature, defaulting to 110°C
2025/03/04 (19:56:10) | WARNING: ROCm SMI: Failed to get VRAM utilization
2025/03/04 (19:56:10) | WARNING: ROCm SMI: Failed to get GPU power usage
2025/03/04 (19:56:10) | WARNING: ROCm SMI: Failed to get PCIe throughput

2025/03/06 (10:36:09) | ===> btop++ v.1.4.0
2025/03/06 (10:36:09) | WARNING: NVML: Failed to get maximum GPU power draw, defaulting to 225W: Not Supported
2025/03/06 (10:36:09) | WARNING: ROCm SMI: Failed to get maximum GPU power draw, defaulting to 225W
2025/03/06 (10:36:09) | WARNING: ROCm SMI: Failed to get maximum GPU temperature, defaulting to 110°C
2025/03/06 (10:36:09) | WARNING: ROCm SMI: Failed to get VRAM utilization
2025/03/06 (10:36:09) | WARNING: ROCm SMI: Failed to get GPU power usage
2025/03/06 (10:36:09) | WARNING: ROCm SMI: Failed to get PCIe throughput

2025/03/06 (10:36:27) | ===> btop++ v.1.4.0
2025/03/06 (10:36:27) | WARNING: NVML: Failed to get maximum GPU power draw, defaulting to 225W: Not Supported
2025/03/06 (10:36:27) | WARNING: ROCm SMI: Failed to get maximum GPU power draw, defaulting to 225W
2025/03/06 (10:36:27) | WARNING: ROCm SMI: Failed to get maximum GPU temperature, defaulting to 110°C
2025/03/06 (10:36:27) | WARNING: ROCm SMI: Failed to get VRAM utilization
2025/03/06 (10:36:27) | WARNING: ROCm SMI: Failed to get GPU power usage
2025/03/06 (10:36:27) | WARNING: ROCm SMI: Failed to get PCIe throughput

2025/03/06 (10:38:38) | ===> btop++ v.1.4.0
2025/03/06 (10:38:38) | WARNING: NVML: Failed to get maximum GPU power draw, defaulting to 225W: Not Supported
2025/03/06 (10:38:38) | WARNING: ROCm SMI: Failed to get maximum GPU power draw, defaulting to 225W
2025/03/06 (10:38:38) | WARNING: ROCm SMI: Failed to get maximum GPU temperature, defaulting to 110°C
2025/03/06 (10:38:38) | WARNING: ROCm SMI: Failed to get VRAM utilization
2025/03/06 (10:38:38) | WARNING: ROCm SMI: Failed to get GPU power usage
2025/03/06 (10:38:38) | WARNING: ROCm SMI: Failed to get PCIe throughput

2025/03/11 (14:24:36) | ===> btop++ v.1.4.0
2025/03/11 (14:24:36) | WARNING: NVML: Failed to get maximum GPU power draw, defaulting to 225W: Not Supported
2025/03/11 (14:24:36) | WARNING: ROCm SMI: Failed to get maximum GPU power draw, defaulting to 225W
2025/03/11 (14:24:36) | WARNING: ROCm SMI: Failed to get maximum GPU temperature, defaulting to 110°C
2025/03/11 (14:24:36) | WARNING: ROCm SMI: Failed to get VRAM utilization
2025/03/11 (14:24:36) | WARNING: ROCm SMI: Failed to get GPU power usage
2025/03/11 (14:24:36) | WARNING: ROCm SMI: Failed to get PCIe throughput

2025/03/12 (13:17:36) | ===> btop++ v.1.4.0
2025/03/12 (13:17:36) | WARNING: NVML: Failed to get maximum GPU power draw, defaulting to 225W: Not Supported
2025/03/12 (13:17:36) | WARNING: ROCm SMI: Failed to get maximum GPU power draw, defaulting to 225W
2025/03/12 (13:17:36) | WARNING: ROCm SMI: Failed to get maximum GPU temperature, defaulting to 110°C
2025/03/12 (13:17:36) | WARNING: ROCm SMI: Failed to get VRAM utilization
2025/03/12 (13:17:36) | WARNING: ROCm SMI: Failed to get GPU power usage
2025/03/12 (13:17:36) | WARNING: ROCm SMI: Failed to get PCIe throughput

2025/03/13 (20:55:32) | ===> btop++ v.1.4.0
2025/03/13 (20:55:32) | WARNING: NVML: Failed to get maximum GPU power draw, defaulting to 225W: Not Supported
2025/03/13 (20:55:32) | WARNING: ROCm SMI: Failed to get maximum GPU power draw, defaulting to 225W
2025/03/13 (20:55:32) | WARNING: ROCm SMI: Failed to get maximum GPU temperature, defaulting to 110°C
2025/03/13 (20:55:32) | WARNING: ROCm SMI: Failed to get VRAM utilization
2025/03/13 (20:55:32) | WARNING: ROCm SMI: Failed to get GPU power usage
2025/03/13 (20:55:32) | WARNING: ROCm SMI: Failed to get PCIe throughput
2025/03/13 (20:59:46) | WARNING: Failed to join _runner thread on exit!

2025/03/13 (20:59:52) | ===> btop++ v.1.4.0
2025/03/13 (20:59:52) | WARNING: NVML: Failed to get maximum GPU power draw, defaulting to 225W: Not Supported
2025/03/13 (20:59:52) | WARNING: ROCm SMI: Failed to get maximum GPU power draw, defaulting to 225W
2025/03/13 (20:59:52) | WARNING: ROCm SMI: Failed to get maximum GPU temperature, defaulting to 110°C
2025/03/13 (20:59:52) | WARNING: ROCm SMI: Failed to get VRAM utilization
2025/03/13 (20:59:52) | WARNING: ROCm SMI: Failed to get GPU power usage
2025/03/13 (20:59:52) | WARNING: ROCm SMI: Failed to get PCIe throughput

2025/03/15 (15:29:51) | ===> btop++ v.1.4.0
2025/03/15 (15:29:51) | WARNING: NVML: Failed to get maximum GPU power draw, defaulting to 225W: Not Supported
2025/03/15 (15:29:51) | WARNING: ROCm SMI: Failed to get maximum GPU power draw, defaulting to 225W
2025/03/15 (15:29:51) | WARNING: ROCm SMI: Failed to get maximum GPU temperature, defaulting to 110°C
2025/03/15 (15:29:51) | WARNING: ROCm SMI: Failed to get VRAM utilization
2025/03/15 (15:29:51) | WARNING: ROCm SMI: Failed to get GPU power usage
2025/03/15 (15:29:51) | WARNING: ROCm SMI: Failed to get PCIe throughput

2025/03/17 (18:48:17) | ===> btop++ v.1.4.0
2025/03/17 (18:48:17) | WARNING: NVML: Failed to get maximum GPU power draw, defaulting to 225W: Not Supported
2025/03/17 (18:48:17) | WARNING: ROCm SMI: Failed to get maximum GPU power draw, defaulting to 225W
2025/03/17 (18:48:17) | WARNING: ROCm SMI: Failed to get maximum GPU temperature, defaulting to 110°C
2025/03/17 (18:48:17) | WARNING: ROCm SMI: Failed to get VRAM utilization
2025/03/17 (18:48:17) | WARNING: ROCm SMI: Failed to get GPU power usage
2025/03/17 (18:48:17) | WARNING: ROCm SMI: Failed to get PCIe throughput

2025/03/17 (18:48:44) | ===> btop++ v.1.4.0
2025/03/17 (18:48:44) | WARNING: NVML: Failed to get maximum GPU power draw, defaulting to 225W: Not Supported
2025/03/17 (18:48:44) | WARNING: ROCm SMI: Failed to get maximum GPU power draw, defaulting to 225W
2025/03/17 (18:48:44) | WARNING: ROCm SMI: Failed to get maximum GPU temperature, defaulting to 110°C
2025/03/17 (18:48:44) | WARNING: ROCm SMI: Failed to get VRAM utilization
2025/03/17 (18:48:44) | WARNING: ROCm SMI: Failed to get GPU power usage
2025/03/17 (18:48:44) | WARNING: ROCm SMI: Failed to get PCIe throughput

2025/03/17 (19:48:41) | ===> btop++ v.1.4.0
2025/03/17 (19:48:41) | WARNING: NVML: Failed to get maximum GPU power draw, defaulting to 225W: Not Supported
2025/03/17 (19:48:41) | WARNING: ROCm SMI: Failed to get maximum GPU power draw, defaulting to 225W
2025/03/17 (19:48:41) | WARNING: ROCm SMI: Failed to get maximum GPU temperature, defaulting to 110°C
2025/03/17 (19:48:41) | WARNING: ROCm SMI: Failed to get VRAM utilization
2025/03/17 (19:48:41) | WARNING: ROCm SMI: Failed to get GPU power usage
2025/03/17 (19:48:41) | WARNING: ROCm SMI: Failed to get PCIe throughput

2025/03/17 (19:49:28) | ===> btop++ v.1.4.0
2025/03/17 (19:49:28) | WARNING: NVML: Failed to get maximum GPU power draw, defaulting to 225W: Not Supported
2025/03/17 (19:49:28) | WARNING: ROCm SMI: Failed to get maximum GPU power draw, defaulting to 225W
2025/03/17 (19:49:28) | WARNING: ROCm SMI: Failed to get maximum GPU temperature, defaulting to 110°C
2025/03/17 (19:49:28) | WARNING: ROCm SMI: Failed to get VRAM utilization
2025/03/17 (19:49:28) | WARNING: ROCm SMI: Failed to get GPU power usage
2025/03/17 (19:49:28) | WARNING: ROCm SMI: Failed to get PCIe throughput
2025/03/17 (19:49:37) | WARNING: Failed to join _runner thread on exit!

2025/03/17 (19:49:45) | ===> btop++ v.1.4.0
2025/03/17 (19:49:45) | WARNING: NVML: Failed to get maximum GPU power draw, defaulting to 225W: Not Supported
2025/03/17 (19:49:45) | WARNING: ROCm SMI: Failed to get maximum GPU power draw, defaulting to 225W
2025/03/17 (19:49:45) | WARNING: ROCm SMI: Failed to get maximum GPU temperature, defaulting to 110°C
2025/03/17 (19:49:45) | WARNING: ROCm SMI: Failed to get VRAM utilization
2025/03/17 (19:49:45) | WARNING: ROCm SMI: Failed to get GPU power usage
2025/03/17 (19:49:45) | WARNING: ROCm SMI: Failed to get PCIe throughput

2025/03/17 (19:50:54) | ===> btop++ v.1.4.0
2025/03/17 (19:50:54) | WARNING: NVML: Failed to get maximum GPU power draw, defaulting to 225W: Not Supported
2025/03/17 (19:50:54) | WARNING: ROCm SMI: Failed to get maximum GPU power draw, defaulting to 225W
2025/03/17 (19:50:54) | WARNING: ROCm SMI: Failed to get maximum GPU temperature, defaulting to 110°C
2025/03/17 (19:50:54) | WARNING: ROCm SMI: Failed to get VRAM utilization
2025/03/17 (19:50:54) | WARNING: ROCm SMI: Failed to get GPU power usage
2025/03/17 (19:50:54) | WARNING: ROCm SMI: Failed to get PCIe throughput

2025/03/18 (01:40:24) | ===> btop++ v.1.4.0
2025/03/18 (01:40:24) | WARNING: NVML: Failed to get maximum GPU power draw, defaulting to 225W: Not Supported
2025/03/18 (01:40:24) | WARNING: ROCm SMI: Failed to get maximum GPU power draw, defaulting to 225W
2025/03/18 (01:40:24) | WARNING: ROCm SMI: Failed to get maximum GPU temperature, defaulting to 110°C
2025/03/18 (01:40:24) | WARNING: ROCm SMI: Failed to get VRAM utilization
2025/03/18 (01:40:24) | WARNING: ROCm SMI: Failed to get GPU power usage
2025/03/18 (01:40:24) | WARNING: ROCm SMI: Failed to get PCIe throughput

2025/03/22 (01:24:09) | ===> btop++ v.1.4.0
2025/03/22 (01:24:09) | WARNING: NVML: Failed to get maximum GPU power draw, defaulting to 225W: Not Supported
2025/03/22 (01:24:09) | WARNING: ROCm SMI: Failed to get maximum GPU power draw, defaulting to 225W
2025/03/22 (01:24:09) | WARNING: ROCm SMI: Failed to get maximum GPU temperature, defaulting to 110°C
2025/03/22 (01:24:09) | WARNING: ROCm SMI: Failed to get VRAM utilization
2025/03/22 (01:24:09) | WARNING: ROCm SMI: Failed to get GPU power usage
2025/03/22 (01:24:09) | WARNING: ROCm SMI: Failed to get PCIe throughput

2025/03/22 (17:22:23) | ===> btop++ v.1.4.0
2025/03/22 (17:22:23) | WARNING: NVML: Failed to get maximum GPU power draw, defaulting to 225W: Not Supported
2025/03/22 (17:22:23) | WARNING: ROCm SMI: Failed to get maximum GPU power draw, defaulting to 225W
2025/03/22 (17:22:23) | WARNING: ROCm SMI: Failed to get maximum GPU temperature, defaulting to 110°C
2025/03/22 (17:22:23) | WARNING: ROCm SMI: Failed to get VRAM utilization
2025/03/22 (17:22:23) | WARNING: ROCm SMI: Failed to get GPU power usage
2025/03/22 (17:22:23) | WARNING: ROCm SMI: Failed to get PCIe throughput

2025/03/22 (18:01:10) | ===> btop++ v.1.4.0
2025/03/22 (18:01:10) | WARNING: NVML: Failed to get maximum GPU power draw, defaulting to 225W: Not Supported
2025/03/22 (18:01:10) | WARNING: ROCm SMI: Failed to get maximum GPU power draw, defaulting to 225W
2025/03/22 (18:01:10) | WARNING: ROCm SMI: Failed to get maximum GPU temperature, defaulting to 110°C
2025/03/22 (18:01:10) | WARNING: ROCm SMI: Failed to get VRAM utilization
2025/03/22 (18:01:10) | WARNING: ROCm SMI: Failed to get GPU power usage
2025/03/22 (18:01:10) | WARNING: ROCm SMI: Failed to get PCIe throughput

2025/03/22 (19:27:01) | ===> btop++ v.1.4.0
2025/03/22 (19:27:01) | WARNING: NVML: Failed to get maximum GPU power draw, defaulting to 225W: Not Supported
2025/03/22 (19:27:01) | WARNING: ROCm SMI: Failed to get maximum GPU power draw, defaulting to 225W
2025/03/22 (19:27:01) | WARNING: ROCm SMI: Failed to get maximum GPU temperature, defaulting to 110°C
2025/03/22 (19:27:01) | WARNING: ROCm SMI: Failed to get VRAM utilization
2025/03/22 (19:27:01) | WARNING: ROCm SMI: Failed to get GPU power usage
2025/03/22 (19:27:01) | WARNING: ROCm SMI: Failed to get PCIe throughput

2025/03/22 (20:26:48) | ===> btop++ v.1.4.0
2025/03/22 (20:26:48) | WARNING: NVML: Failed to get maximum GPU power draw, defaulting to 225W: Not Supported
2025/03/22 (20:26:48) | WARNING: ROCm SMI: Failed to get maximum GPU power draw, defaulting to 225W
2025/03/22 (20:26:48) | WARNING: ROCm SMI: Failed to get maximum GPU temperature, defaulting to 110°C
2025/03/22 (20:26:48) | WARNING: ROCm SMI: Failed to get VRAM utilization
2025/03/22 (20:26:48) | WARNING: ROCm SMI: Failed to get GPU power usage
2025/03/22 (20:26:48) | WARNING: ROCm SMI: Failed to get PCIe throughput

2025/03/25 (13:00:09) | ===> btop++ v.1.4.0
2025/03/25 (13:00:09) | WARNING: NVML: Failed to get maximum GPU power draw, defaulting to 225W: Not Supported
2025/03/25 (13:00:09) | WARNING: ROCm SMI: Failed to get maximum GPU power draw, defaulting to 225W
2025/03/25 (13:00:09) | WARNING: ROCm SMI: Failed to get maximum GPU temperature, defaulting to 110°C
2025/03/25 (13:00:09) | WARNING: ROCm SMI: Failed to get VRAM utilization
2025/03/25 (13:00:09) | WARNING: ROCm SMI: Failed to get GPU power usage
2025/03/25 (13:00:09) | WARNING: ROCm SMI: Failed to get PCIe throughput

2025/03/26 (00:17:32) | ===> btop++ v.1.4.0
2025/03/26 (00:17:32) | WARNING: NVML: Failed to get maximum GPU power draw, defaulting to 225W: Not Supported
2025/03/26 (00:17:32) | WARNING: ROCm SMI: Failed to get maximum GPU power draw, defaulting to 225W
2025/03/26 (00:17:32) | WARNING: ROCm SMI: Failed to get maximum GPU temperature, defaulting to 110°C
2025/03/26 (00:17:32) | WARNING: ROCm SMI: Failed to get VRAM utilization
2025/03/26 (00:17:32) | WARNING: ROCm SMI: Failed to get GPU power usage
2025/03/26 (00:17:32) | WARNING: ROCm SMI: Failed to get PCIe throughput

2025/03/26 (23:41:10) | ===> btop++ v.1.4.0
2025/03/26 (23:41:10) | WARNING: NVML: Failed to get maximum GPU power draw, defaulting to 225W: Not Supported
2025/03/26 (23:41:10) | WARNING: ROCm SMI: Failed to get maximum GPU power draw, defaulting to 225W
2025/03/26 (23:41:10) | WARNING: ROCm SMI: Failed to get maximum GPU temperature, defaulting to 110°C
2025/03/26 (23:41:10) | WARNING: ROCm SMI: Failed to get VRAM utilization
2025/03/26 (23:41:10) | WARNING: ROCm SMI: Failed to get GPU power usage
2025/03/26 (23:41:10) | WARNING: ROCm SMI: Failed to get PCIe throughput

2025/03/26 (23:41:30) | ===> btop++ v.1.4.0
2025/03/26 (23:41:30) | WARNING: NVML: Failed to get maximum GPU power draw, defaulting to 225W: Not Supported
2025/03/26 (23:41:30) | WARNING: ROCm SMI: Failed to get maximum GPU power draw, defaulting to 225W
2025/03/26 (23:41:30) | WARNING: ROCm SMI: Failed to get maximum GPU temperature, defaulting to 110°C
2025/03/26 (23:41:30) | WARNING: ROCm SMI: Failed to get VRAM utilization
2025/03/26 (23:41:30) | WARNING: ROCm SMI: Failed to get GPU power usage
2025/03/26 (23:41:30) | WARNING: ROCm SMI: Failed to get PCIe throughput

2025/03/26 (23:43:17) | ===> btop++ v.1.4.0
2025/03/26 (23:43:17) | WARNING: NVML: Failed to get maximum GPU power draw, defaulting to 225W: Not Supported
2025/03/26 (23:43:17) | WARNING: ROCm SMI: Failed to get maximum GPU power draw, defaulting to 225W
2025/03/26 (23:43:17) | WARNING: ROCm SMI: Failed to get maximum GPU temperature, defaulting to 110°C
2025/03/26 (23:43:17) | WARNING: ROCm SMI: Failed to get VRAM utilization
2025/03/26 (23:43:17) | WARNING: ROCm SMI: Failed to get GPU power usage
2025/03/26 (23:43:17) | WARNING: ROCm SMI: Failed to get PCIe throughput

2025/03/27 (14:01:23) | ===> btop++ v.1.4.0
2025/03/27 (14:01:23) | WARNING: NVML: Failed to get maximum GPU power draw, defaulting to 225W: Not Supported
2025/03/27 (14:01:23) | WARNING: ROCm SMI: Failed to get maximum GPU power draw, defaulting to 225W
2025/03/27 (14:01:23) | WARNING: ROCm SMI: Failed to get maximum GPU temperature, defaulting to 110°C
2025/03/27 (14:01:23) | WARNING: ROCm SMI: Failed to get VRAM utilization
2025/03/27 (14:01:23) | WARNING: ROCm SMI: Failed to get GPU power usage
2025/03/27 (14:01:23) | WARNING: ROCm SMI: Failed to get PCIe throughput

2025/03/28 (17:07:43) | ===> btop++ v.1.4.0
2025/03/28 (17:07:43) | WARNING: NVML: Failed to get maximum GPU power draw, defaulting to 225W: Not Supported
2025/03/28 (17:07:43) | WARNING: ROCm SMI: Failed to get maximum GPU power draw, defaulting to 225W
2025/03/28 (17:07:43) | WARNING: ROCm SMI: Failed to get maximum GPU temperature, defaulting to 110°C
2025/03/28 (17:07:43) | WARNING: ROCm SMI: Failed to get VRAM utilization
2025/03/28 (17:07:43) | WARNING: ROCm SMI: Failed to get GPU power usage
2025/03/28 (17:07:43) | WARNING: ROCm SMI: Failed to get PCIe throughput

2025/03/28 (17:09:07) | ===> btop++ v.1.4.0
2025/03/28 (17:09:07) | WARNING: NVML: Failed to get maximum GPU power draw, defaulting to 225W: Not Supported
2025/03/28 (17:09:07) | WARNING: ROCm SMI: Failed to get maximum GPU power draw, defaulting to 225W
2025/03/28 (17:09:07) | WARNING: ROCm SMI: Failed to get maximum GPU temperature, defaulting to 110°C
2025/03/28 (17:09:07) | WARNING: ROCm SMI: Failed to get VRAM utilization
2025/03/28 (17:09:07) | WARNING: ROCm SMI: Failed to get GPU power usage
2025/03/28 (17:09:07) | WARNING: ROCm SMI: Failed to get PCIe throughput

2025/03/28 (17:09:51) | ===> btop++ v.1.4.0
2025/03/28 (17:09:51) | WARNING: NVML: Failed to get maximum GPU power draw, defaulting to 225W: Not Supported
2025/03/28 (17:09:51) | WARNING: ROCm SMI: Failed to get maximum GPU power draw, defaulting to 225W
2025/03/28 (17:09:51) | WARNING: ROCm SMI: Failed to get maximum GPU temperature, defaulting to 110°C
2025/03/28 (17:09:51) | WARNING: ROCm SMI: Failed to get VRAM utilization
2025/03/28 (17:09:51) | WARNING: ROCm SMI: Failed to get GPU power usage
2025/03/28 (17:09:51) | WARNING: ROCm SMI: Failed to get PCIe throughput

2025/03/28 (23:00:52) | ===> btop++ v.1.4.0
2025/03/28 (23:00:52) | WARNING: NVML: Failed to get maximum GPU power draw, defaulting to 225W: Not Supported
2025/03/28 (23:00:52) | WARNING: ROCm SMI: Failed to get maximum GPU power draw, defaulting to 225W
2025/03/28 (23:00:52) | WARNING: ROCm SMI: Failed to get maximum GPU temperature, defaulting to 110°C
2025/03/28 (23:00:52) | WARNING: ROCm SMI: Failed to get VRAM utilization
2025/03/28 (23:00:52) | WARNING: ROCm SMI: Failed to get GPU power usage
2025/03/28 (23:00:52) | WARNING: ROCm SMI: Failed to get PCIe throughput

2025/04/03 (14:28:59) | ===> btop++ v.1.4.0
2025/04/03 (14:28:59) | WARNING: NVML: Failed to get maximum GPU power draw, defaulting to 225W: Not Supported
2025/04/03 (14:28:59) | WARNING: ROCm SMI: Failed to get maximum GPU power draw, defaulting to 225W
2025/04/03 (14:28:59) | WARNING: ROCm SMI: Failed to get maximum GPU temperature, defaulting to 110°C
2025/04/03 (14:28:59) | WARNING: ROCm SMI: Failed to get VRAM utilization
2025/04/03 (14:28:59) | WARNING: ROCm SMI: Failed to get GPU power usage
2025/04/03 (14:28:59) | WARNING: ROCm SMI: Failed to get PCIe throughput

2025/04/06 (01:52:50) | ===> btop++ v.1.4.0
2025/04/06 (01:52:50) | WARNING: NVML: Failed to get maximum GPU power draw, defaulting to 225W: Not Supported
2025/04/06 (01:52:50) | WARNING: ROCm SMI: Failed to get maximum GPU power draw, defaulting to 225W
2025/04/06 (01:52:50) | WARNING: ROCm SMI: Failed to get maximum GPU temperature, defaulting to 110°C
2025/04/06 (01:52:50) | WARNING: ROCm SMI: Failed to get VRAM utilization
2025/04/06 (01:52:50) | WARNING: ROCm SMI: Failed to get GPU power usage
2025/04/06 (01:52:50) | WARNING: ROCm SMI: Failed to get PCIe throughput

2025/04/06 (02:02:23) | ===> btop++ v.1.4.0
2025/04/06 (02:02:23) | WARNING: NVML: Failed to get maximum GPU power draw, defaulting to 225W: Not Supported
2025/04/06 (02:02:23) | WARNING: ROCm SMI: Failed to get maximum GPU power draw, defaulting to 225W
2025/04/06 (02:02:23) | WARNING: ROCm SMI: Failed to get maximum GPU temperature, defaulting to 110°C
2025/04/06 (02:02:23) | WARNING: ROCm SMI: Failed to get VRAM utilization
2025/04/06 (02:02:23) | WARNING: ROCm SMI: Failed to get GPU power usage
2025/04/06 (02:02:23) | WARNING: ROCm SMI: Failed to get PCIe throughput

2025/04/12 (16:27:31) | ===> btop++ v.1.4.0
2025/04/12 (16:27:31) | WARNING: NVML: Failed to get maximum GPU power draw, defaulting to 225W: Not Supported
2025/04/12 (16:27:31) | WARNING: ROCm SMI: Failed to get maximum GPU power draw, defaulting to 225W
2025/04/12 (16:27:31) | WARNING: ROCm SMI: Failed to get maximum GPU temperature, defaulting to 110°C
2025/04/12 (16:27:31) | WARNING: ROCm SMI: Failed to get VRAM utilization
2025/04/12 (16:27:31) | WARNING: ROCm SMI: Failed to get GPU power usage
2025/04/12 (16:27:31) | WARNING: ROCm SMI: Failed to get PCIe throughput

2025/04/12 (16:33:18) | ===> btop++ v.1.4.0
2025/04/12 (16:33:18) | WARNING: NVML: Failed to get maximum GPU power draw, defaulting to 225W: Not Supported
2025/04/12 (16:33:18) | WARNING: ROCm SMI: Failed to get maximum GPU power draw, defaulting to 225W
2025/04/12 (16:33:18) | WARNING: ROCm SMI: Failed to get maximum GPU temperature, defaulting to 110°C
2025/04/12 (16:33:18) | WARNING: ROCm SMI: Failed to get VRAM utilization
2025/04/12 (16:33:18) | WARNING: ROCm SMI: Failed to get GPU power usage
2025/04/12 (16:33:18) | WARNING: ROCm SMI: Failed to get PCIe throughput
2025/04/12 (16:33:41) | WARNING: Failed to join _runner thread on exit!

2025/04/12 (23:16:39) | ===> btop++ v.1.4.0
2025/04/12 (23:16:39) | WARNING: NVML: Failed to get maximum GPU power draw, defaulting to 225W: Not Supported
2025/04/12 (23:16:39) | WARNING: ROCm SMI: Failed to get maximum GPU power draw, defaulting to 225W
2025/04/12 (23:16:39) | WARNING: ROCm SMI: Failed to get maximum GPU temperature, defaulting to 110°C
2025/04/12 (23:16:39) | WARNING: ROCm SMI: Failed to get VRAM utilization
2025/04/12 (23:16:39) | WARNING: ROCm SMI: Failed to get GPU power usage
2025/04/12 (23:16:39) | WARNING: ROCm SMI: Failed to get PCIe throughput

2025/04/13 (01:55:22) | ===> btop++ v.1.4.0
2025/04/13 (01:55:22) | WARNING: NVML: Failed to get maximum GPU power draw, defaulting to 225W: Not Supported
2025/04/13 (01:55:22) | WARNING: ROCm SMI: Failed to get maximum GPU power draw, defaulting to 225W
2025/04/13 (01:55:22) | WARNING: ROCm SMI: Failed to get maximum GPU temperature, defaulting to 110°C
2025/04/13 (01:55:22) | WARNING: ROCm SMI: Failed to get VRAM utilization
2025/04/13 (01:55:22) | WARNING: ROCm SMI: Failed to get GPU power usage
2025/04/13 (01:55:22) | WARNING: ROCm SMI: Failed to get PCIe throughput

2025/04/13 (02:02:25) | ===> btop++ v.1.4.0
2025/04/13 (02:02:25) | WARNING: NVML: Failed to get maximum GPU power draw, defaulting to 225W: Not Supported
2025/04/13 (02:02:25) | WARNING: ROCm SMI: Failed to get maximum GPU power draw, defaulting to 225W
2025/04/13 (02:02:25) | WARNING: ROCm SMI: Failed to get maximum GPU temperature, defaulting to 110°C
2025/04/13 (02:02:25) | WARNING: ROCm SMI: Failed to get VRAM utilization
2025/04/13 (02:02:25) | WARNING: ROCm SMI: Failed to get GPU power usage
2025/04/13 (02:02:25) | WARNING: ROCm SMI: Failed to get PCIe throughput

2025/04/13 (13:07:30) | ===> btop++ v.1.4.0
2025/04/13 (13:07:30) | WARNING: NVML: Failed to get maximum GPU power draw, defaulting to 225W: Not Supported
2025/04/13 (13:07:30) | WARNING: ROCm SMI: Failed to get maximum GPU power draw, defaulting to 225W
2025/04/13 (13:07:30) | WARNING: ROCm SMI: Failed to get maximum GPU temperature, defaulting to 110°C
2025/04/13 (13:07:30) | WARNING: ROCm SMI: Failed to get VRAM utilization
2025/04/13 (13:07:30) | WARNING: ROCm SMI: Failed to get GPU power usage
2025/04/13 (13:07:30) | WARNING: ROCm SMI: Failed to get PCIe throughput

2025/04/13 (13:57:50) | ===> btop++ v.1.4.0
2025/04/13 (13:57:50) | WARNING: NVML: Failed to get maximum GPU power draw, defaulting to 225W: Not Supported
2025/04/13 (13:57:50) | WARNING: ROCm SMI: Failed to get maximum GPU power draw, defaulting to 225W
2025/04/13 (13:57:50) | WARNING: ROCm SMI: Failed to get maximum GPU temperature, defaulting to 110°C
2025/04/13 (13:57:50) | WARNING: ROCm SMI: Failed to get VRAM utilization
2025/04/13 (13:57:50) | WARNING: ROCm SMI: Failed to get GPU power usage
2025/04/13 (13:57:50) | WARNING: ROCm SMI: Failed to get PCIe throughput

2025/04/13 (15:02:39) | ===> btop++ v.1.4.0
2025/04/13 (15:02:39) | WARNING: NVML: Failed to get maximum GPU power draw, defaulting to 225W: Not Supported
2025/04/13 (15:02:39) | WARNING: ROCm SMI: Failed to get maximum GPU power draw, defaulting to 225W
2025/04/13 (15:02:39) | WARNING: ROCm SMI: Failed to get maximum GPU temperature, defaulting to 110°C
2025/04/13 (15:02:39) | WARNING: ROCm SMI: Failed to get VRAM utilization
2025/04/13 (15:02:39) | WARNING: ROCm SMI: Failed to get GPU power usage
2025/04/13 (15:02:39) | WARNING: ROCm SMI: Failed to get PCIe throughput

2025/04/13 (23:14:57) | ===> btop++ v.1.4.0
2025/04/13 (23:14:57) | WARNING: NVML: Failed to get maximum GPU power draw, defaulting to 225W: Not Supported
2025/04/13 (23:14:57) | WARNING: ROCm SMI: Failed to get maximum GPU power draw, defaulting to 225W
2025/04/13 (23:14:57) | WARNING: ROCm SMI: Failed to get maximum GPU temperature, defaulting to 110°C
2025/04/13 (23:14:57) | WARNING: ROCm SMI: Failed to get VRAM utilization
2025/04/13 (23:14:57) | WARNING: ROCm SMI: Failed to get GPU power usage
2025/04/13 (23:14:57) | WARNING: ROCm SMI: Failed to get PCIe throughput

2025/04/15 (10:21:27) | ===> btop++ v.1.4.0
2025/04/15 (10:21:27) | WARNING: NVML: Failed to get maximum GPU power draw, defaulting to 225W: Not Supported
2025/04/15 (10:21:27) | WARNING: ROCm SMI: Failed to get maximum GPU power draw, defaulting to 225W
2025/04/15 (10:21:27) | WARNING: ROCm SMI: Failed to get maximum GPU temperature, defaulting to 110°C
2025/04/15 (10:21:27) | WARNING: ROCm SMI: Failed to get VRAM utilization
2025/04/15 (10:21:27) | WARNING: ROCm SMI: Failed to get GPU power usage
2025/04/15 (10:21:27) | WARNING: ROCm SMI: Failed to get PCIe throughput

2025/04/16 (13:29:48) | ===> btop++ v.1.4.0
2025/04/16 (13:29:48) | WARNING: NVML: Failed to get maximum GPU power draw, defaulting to 225W: Not Supported
2025/04/16 (13:29:48) | WARNING: ROCm SMI: Failed to get maximum GPU power draw, defaulting to 225W
2025/04/16 (13:29:48) | WARNING: ROCm SMI: Failed to get maximum GPU temperature, defaulting to 110°C
2025/04/16 (13:29:48) | WARNING: ROCm SMI: Failed to get VRAM utilization
2025/04/16 (13:29:48) | WARNING: ROCm SMI: Failed to get GPU power usage
2025/04/16 (13:29:48) | WARNING: ROCm SMI: Failed to get PCIe throughput
2025/04/16 (13:30:03) | WARNING: Failed to join _runner thread on exit!

2025/04/16 (15:16:54) | ===> btop++ v.1.4.0
2025/04/16 (15:16:54) | WARNING: NVML: Failed to get maximum GPU power draw, defaulting to 225W: Not Supported
2025/04/16 (15:16:54) | WARNING: ROCm SMI: Failed to get maximum GPU power draw, defaulting to 225W
2025/04/16 (15:16:54) | WARNING: ROCm SMI: Failed to get maximum GPU temperature, defaulting to 110°C
2025/04/16 (15:16:54) | WARNING: ROCm SMI: Failed to get VRAM utilization
2025/04/16 (15:16:54) | WARNING: ROCm SMI: Failed to get GPU power usage
2025/04/16 (15:16:54) | WARNING: ROCm SMI: Failed to get PCIe throughput

2025/04/22 (15:24:24) | ===> btop++ v.1.4.0
2025/04/22 (15:24:24) | WARNING: NVML: Failed to get maximum GPU power draw, defaulting to 225W: Not Supported
2025/04/22 (15:24:24) | WARNING: ROCm SMI: Failed to get maximum GPU power draw, defaulting to 225W
2025/04/22 (15:24:24) | WARNING: ROCm SMI: Failed to get maximum GPU temperature, defaulting to 110°C
2025/04/22 (15:24:24) | WARNING: ROCm SMI: Failed to get VRAM utilization
2025/04/22 (15:24:24) | WARNING: ROCm SMI: Failed to get GPU power usage
2025/04/22 (15:24:24) | WARNING: ROCm SMI: Failed to get PCIe throughput

2025/04/22 (15:25:09) | ===> btop++ v.1.4.0
2025/04/22 (15:25:09) | WARNING: NVML: Failed to get maximum GPU power draw, defaulting to 225W: Not Supported
2025/04/22 (15:25:09) | WARNING: ROCm SMI: Failed to get maximum GPU power draw, defaulting to 225W
2025/04/22 (15:25:09) | WARNING: ROCm SMI: Failed to get maximum GPU temperature, defaulting to 110°C
2025/04/22 (15:25:09) | WARNING: ROCm SMI: Failed to get VRAM utilization
2025/04/22 (15:25:09) | WARNING: ROCm SMI: Failed to get GPU power usage
2025/04/22 (15:25:09) | WARNING: ROCm SMI: Failed to get PCIe throughput
